2025-12-05T10:20:17.614473Z  INFO tailwindcss_oxide::scanner: Provided sources:
2025-12-05T10:20:17.614574Z  INFO tailwindcss_oxide::scanner: Source: PublicSourceEntry { base: "C:\\Users\\LOQ\\OneDrive\\Desktop\\Help-Radar", pattern: "**/*", negated: false }
2025-12-05T10:20:17.614779Z  INFO tailwindcss_oxide::scanner: Optimized sources:
2025-12-05T10:20:17.614795Z  INFO tailwindcss_oxide::scanner: Source: Auto { base: "C:\\Users\\LOQ\\OneDrive\\Desktop\\Help-Radar" }
2025-12-05T10:20:17.616192Z  INFO scan_sources: tailwindcss_oxide::scanner: enter
2025-12-05T10:20:17.618611Z  INFO scan_sources: tailwindcss_oxide::scanner: Discovering "C:\\Users\\LOQ\\OneDrive\\Desktop\\Help-Radar\\.env.local"
2025-12-05T10:20:17.619962Z  INFO scan_sources: tailwindcss_oxide::scanner: Discovering "C:\\Users\\LOQ\\OneDrive\\Desktop\\Help-Radar\\eslint.config.mjs"
2025-12-05T10:20:17.620042Z  INFO scan_sources: tailwindcss_oxide::scanner: Discovering "C:\\Users\\LOQ\\OneDrive\\Desktop\\Help-Radar\\next.config.ts"
2025-12-05T10:20:17.620282Z  INFO scan_sources: tailwindcss_oxide::scanner: Discovering "C:\\Users\\LOQ\\OneDrive\\Desktop\\Help-Radar\\package.json"
2025-12-05T10:20:17.620340Z  INFO scan_sources: tailwindcss_oxide::scanner: Discovering "C:\\Users\\LOQ\\OneDrive\\Desktop\\Help-Radar\\postcss.config.mjs"
2025-12-05T10:20:17.620458Z  INFO scan_sources: tailwindcss_oxide::scanner: Discovering "C:\\Users\\LOQ\\OneDrive\\Desktop\\Help-Radar\\public"
2025-12-05T10:20:17.620613Z  INFO scan_sources: tailwindcss_oxide::scanner: Discovering "C:\\Users\\LOQ\\OneDrive\\Desktop\\Help-Radar\\public\\file.svg"
2025-12-05T10:20:17.620680Z  INFO scan_sources: tailwindcss_oxide::scanner: Discovering "C:\\Users\\LOQ\\OneDrive\\Desktop\\Help-Radar\\public\\globe.svg"
2025-12-05T10:20:17.620740Z  INFO scan_sources: tailwindcss_oxide::scanner: Discovering "C:\\Users\\LOQ\\OneDrive\\Desktop\\Help-Radar\\public\\next.svg"
2025-12-05T10:20:17.620799Z  INFO scan_sources: tailwindcss_oxide::scanner: Discovering "C:\\Users\\LOQ\\OneDrive\\Desktop\\Help-Radar\\public\\vercel.svg"
2025-12-05T10:20:17.620866Z  INFO scan_sources: tailwindcss_oxide::scanner: Discovering "C:\\Users\\LOQ\\OneDrive\\Desktop\\Help-Radar\\public\\window.svg"
2025-12-05T10:20:17.620958Z  INFO scan_sources: tailwindcss_oxide::scanner: Discovering "C:\\Users\\LOQ\\OneDrive\\Desktop\\Help-Radar\\README.md"
2025-12-05T10:20:17.621127Z  INFO scan_sources: tailwindcss_oxide::scanner: Discovering "C:\\Users\\LOQ\\OneDrive\\Desktop\\Help-Radar\\src"
2025-12-05T10:20:17.621536Z  INFO scan_sources: tailwindcss_oxide::scanner: Discovering "C:\\Users\\LOQ\\OneDrive\\Desktop\\Help-Radar\\src\\app"
2025-12-05T10:20:17.621716Z  INFO scan_sources: tailwindcss_oxide::scanner: Discovering "C:\\Users\\LOQ\\OneDrive\\Desktop\\Help-Radar\\src\\app\\admin"
2025-12-05T10:20:17.621843Z  INFO scan_sources: tailwindcss_oxide::scanner: Discovering "C:\\Users\\LOQ\\OneDrive\\Desktop\\Help-Radar\\src\\app\\admin\\page.tsx"
2025-12-05T10:20:17.621996Z  INFO scan_sources: tailwindcss_oxide::scanner: Discovering "C:\\Users\\LOQ\\OneDrive\\Desktop\\Help-Radar\\src\\app\\api"
2025-12-05T10:20:17.622165Z  INFO scan_sources: tailwindcss_oxide::scanner: Discovering "C:\\Users\\LOQ\\OneDrive\\Desktop\\Help-Radar\\src\\app\\api\\posts"
2025-12-05T10:20:17.622302Z  INFO scan_sources: tailwindcss_oxide::scanner: Discovering "C:\\Users\\LOQ\\OneDrive\\Desktop\\Help-Radar\\src\\app\\api\\posts\\route.ts"
2025-12-05T10:20:17.622403Z  INFO scan_sources: tailwindcss_oxide::scanner: Discovering "C:\\Users\\LOQ\\OneDrive\\Desktop\\Help-Radar\\src\\app\\api\\posts\\[id]"
2025-12-05T10:20:17.622570Z  INFO scan_sources: tailwindcss_oxide::scanner: Discovering "C:\\Users\\LOQ\\OneDrive\\Desktop\\Help-Radar\\src\\app\\api\\posts\\[id]\\report"
2025-12-05T10:20:17.622719Z  INFO scan_sources: tailwindcss_oxide::scanner: Discovering "C:\\Users\\LOQ\\OneDrive\\Desktop\\Help-Radar\\src\\app\\api\\posts\\[id]\\report\\route.ts"
2025-12-05T10:20:17.622808Z  INFO scan_sources: tailwindcss_oxide::scanner: Discovering "C:\\Users\\LOQ\\OneDrive\\Desktop\\Help-Radar\\src\\app\\api\\posts\\[id]\\route.ts"
2025-12-05T10:20:17.622996Z  INFO scan_sources: tailwindcss_oxide::scanner: Discovering "C:\\Users\\LOQ\\OneDrive\\Desktop\\Help-Radar\\src\\app\\api\\stats"
2025-12-05T10:20:17.623131Z  INFO scan_sources: tailwindcss_oxide::scanner: Discovering "C:\\Users\\LOQ\\OneDrive\\Desktop\\Help-Radar\\src\\app\\api\\stats\\route.ts"
2025-12-05T10:20:17.623514Z  INFO scan_sources: tailwindcss_oxide::scanner: Discovering "C:\\Users\\LOQ\\OneDrive\\Desktop\\Help-Radar\\src\\app\\api\\suggest"
2025-12-05T10:20:17.623746Z  INFO scan_sources: tailwindcss_oxide::scanner: Discovering "C:\\Users\\LOQ\\OneDrive\\Desktop\\Help-Radar\\src\\app\\api\\suggest\\route.ts"
2025-12-05T10:20:17.623924Z  INFO scan_sources: tailwindcss_oxide::scanner: Discovering "C:\\Users\\LOQ\\OneDrive\\Desktop\\Help-Radar\\src\\app\\create"
2025-12-05T10:20:17.624044Z  INFO scan_sources: tailwindcss_oxide::scanner: Discovering "C:\\Users\\LOQ\\OneDrive\\Desktop\\Help-Radar\\src\\app\\create\\page.tsx"
2025-12-05T10:20:17.624166Z  INFO scan_sources: tailwindcss_oxide::scanner: Discovering "C:\\Users\\LOQ\\OneDrive\\Desktop\\Help-Radar\\src\\app\\globals.css"
2025-12-05T10:20:17.624222Z  INFO scan_sources: tailwindcss_oxide::scanner: Discovering "C:\\Users\\LOQ\\OneDrive\\Desktop\\Help-Radar\\src\\app\\layout.tsx"
2025-12-05T10:20:17.624325Z  INFO scan_sources: tailwindcss_oxide::scanner: Discovering "C:\\Users\\LOQ\\OneDrive\\Desktop\\Help-Radar\\src\\app\\map"
2025-12-05T10:20:17.624443Z  INFO scan_sources: tailwindcss_oxide::scanner: Discovering "C:\\Users\\LOQ\\OneDrive\\Desktop\\Help-Radar\\src\\app\\map\\page.tsx"
2025-12-05T10:20:17.624516Z  INFO scan_sources: tailwindcss_oxide::scanner: Discovering "C:\\Users\\LOQ\\OneDrive\\Desktop\\Help-Radar\\src\\app\\page.tsx"
2025-12-05T10:20:17.624656Z  INFO scan_sources: tailwindcss_oxide::scanner: Discovering "C:\\Users\\LOQ\\OneDrive\\Desktop\\Help-Radar\\src\\app\\post"
2025-12-05T10:20:17.624824Z  INFO scan_sources: tailwindcss_oxide::scanner: Discovering "C:\\Users\\LOQ\\OneDrive\\Desktop\\Help-Radar\\src\\app\\post\\[id]"
2025-12-05T10:20:17.624944Z  INFO scan_sources: tailwindcss_oxide::scanner: Discovering "C:\\Users\\LOQ\\OneDrive\\Desktop\\Help-Radar\\src\\app\\post\\[id]\\page.tsx"
2025-12-05T10:20:17.625122Z  INFO scan_sources: tailwindcss_oxide::scanner: Discovering "C:\\Users\\LOQ\\OneDrive\\Desktop\\Help-Radar\\src\\components"
2025-12-05T10:20:17.625247Z  INFO scan_sources: tailwindcss_oxide::scanner: Discovering "C:\\Users\\LOQ\\OneDrive\\Desktop\\Help-Radar\\src\\components\\CategoryBadge.tsx"
2025-12-05T10:20:17.625449Z  INFO scan_sources: tailwindcss_oxide::scanner: Discovering "C:\\Users\\LOQ\\OneDrive\\Desktop\\Help-Radar\\src\\components\\ContactModal.tsx"
2025-12-05T10:20:17.625515Z  INFO scan_sources: tailwindcss_oxide::scanner: Discovering "C:\\Users\\LOQ\\OneDrive\\Desktop\\Help-Radar\\src\\components\\CreatePostForm.tsx"
2025-12-05T10:20:17.625571Z  INFO scan_sources: tailwindcss_oxide::scanner: Discovering "C:\\Users\\LOQ\\OneDrive\\Desktop\\Help-Radar\\src\\components\\FiltersBar.tsx"
2025-12-05T10:20:17.625625Z  INFO scan_sources: tailwindcss_oxide::scanner: Discovering "C:\\Users\\LOQ\\OneDrive\\Desktop\\Help-Radar\\src\\components\\Header.tsx"
2025-12-05T10:20:17.625849Z  INFO scan_sources: tailwindcss_oxide::scanner: Discovering "C:\\Users\\LOQ\\OneDrive\\Desktop\\Help-Radar\\src\\components\\MapView.tsx"
2025-12-05T10:20:17.625936Z  INFO scan_sources: tailwindcss_oxide::scanner: Discovering "C:\\Users\\LOQ\\OneDrive\\Desktop\\Help-Radar\\src\\components\\Pagination.tsx"
2025-12-05T10:20:17.626007Z  INFO scan_sources: tailwindcss_oxide::scanner: Discovering "C:\\Users\\LOQ\\OneDrive\\Desktop\\Help-Radar\\src\\components\\PostCard.tsx"
2025-12-05T10:20:17.626091Z  INFO scan_sources: tailwindcss_oxide::scanner: Discovering "C:\\Users\\LOQ\\OneDrive\\Desktop\\Help-Radar\\src\\components\\StatsCard.tsx"
2025-12-05T10:20:17.626173Z  INFO scan_sources: tailwindcss_oxide::scanner: Discovering "C:\\Users\\LOQ\\OneDrive\\Desktop\\Help-Radar\\src\\components\\UrgencyIndicator.tsx"
2025-12-05T10:20:17.626378Z  INFO scan_sources: tailwindcss_oxide::scanner: Discovering "C:\\Users\\LOQ\\OneDrive\\Desktop\\Help-Radar\\src\\lib"
2025-12-05T10:20:17.626505Z  INFO scan_sources: tailwindcss_oxide::scanner: Discovering "C:\\Users\\LOQ\\OneDrive\\Desktop\\Help-Radar\\src\\lib\\cloudinary.ts"
2025-12-05T10:20:17.626564Z  INFO scan_sources: tailwindcss_oxide::scanner: Discovering "C:\\Users\\LOQ\\OneDrive\\Desktop\\Help-Radar\\src\\lib\\dbConnect.ts"
2025-12-05T10:20:17.626626Z  INFO scan_sources: tailwindcss_oxide::scanner: Discovering "C:\\Users\\LOQ\\OneDrive\\Desktop\\Help-Radar\\src\\lib\\priorityEngine.ts"
2025-12-05T10:20:17.626680Z  INFO scan_sources: tailwindcss_oxide::scanner: Discovering "C:\\Users\\LOQ\\OneDrive\\Desktop\\Help-Radar\\src\\lib\\validators.ts"
2025-12-05T10:20:17.626830Z  INFO scan_sources: tailwindcss_oxide::scanner: Discovering "C:\\Users\\LOQ\\OneDrive\\Desktop\\Help-Radar\\src\\models"
2025-12-05T10:20:17.626962Z  INFO scan_sources: tailwindcss_oxide::scanner: Discovering "C:\\Users\\LOQ\\OneDrive\\Desktop\\Help-Radar\\src\\models\\Post.ts"
2025-12-05T10:20:17.627017Z  INFO scan_sources: tailwindcss_oxide::scanner: Discovering "C:\\Users\\LOQ\\OneDrive\\Desktop\\Help-Radar\\src\\models\\Report.ts"
2025-12-05T10:20:17.627070Z  INFO scan_sources: tailwindcss_oxide::scanner: Discovering "C:\\Users\\LOQ\\OneDrive\\Desktop\\Help-Radar\\src\\models\\User.ts"
2025-12-05T10:20:17.627212Z  INFO scan_sources: tailwindcss_oxide::scanner: Discovering "C:\\Users\\LOQ\\OneDrive\\Desktop\\Help-Radar\\test-db.js"
2025-12-05T10:20:17.627265Z  INFO scan_sources: tailwindcss_oxide::scanner: Discovering "C:\\Users\\LOQ\\OneDrive\\Desktop\\Help-Radar\\tsconfig.json"
2025-12-05T10:20:17.627394Z  INFO scan_sources: tailwindcss_oxide::scanner: exit
2025-12-05T10:20:17.627409Z  INFO extract_candidates: tailwindcss_oxide::scanner: enter
2025-12-05T10:20:17.627415Z  INFO extract_candidates:read_all_files: tailwindcss_oxide::scanner: enter
2025-12-05T10:20:17.627418Z  INFO extract_candidates:read_all_files: tailwindcss_oxide::scanner: Reading 41 file(s)
2025-12-05T10:20:17.627839Z  INFO tailwindcss_oxide::scanner: Reading "C:\\Users\\LOQ\\OneDrive\\Desktop\\Help-Radar\\.env.local"
2025-12-05T10:20:17.627846Z  INFO tailwindcss_oxide::scanner: Reading "C:\\Users\\LOQ\\OneDrive\\Desktop\\Help-Radar\\src\\app\\page.tsx"
2025-12-05T10:20:17.627844Z  INFO tailwindcss_oxide::scanner: Reading "C:\\Users\\LOQ\\OneDrive\\Desktop\\Help-Radar\\README.md"
2025-12-05T10:20:17.627931Z  INFO tailwindcss_oxide::scanner: Reading "C:\\Users\\LOQ\\OneDrive\\Desktop\\Help-Radar\\src\\app\\post\\[id]\\page.tsx"
2025-12-05T10:20:17.627933Z  INFO tailwindcss_oxide::scanner: Reading "C:\\Users\\LOQ\\OneDrive\\Desktop\\Help-Radar\\eslint.config.mjs"
2025-12-05T10:20:17.627960Z  INFO tailwindcss_oxide::scanner: Reading "C:\\Users\\LOQ\\OneDrive\\Desktop\\Help-Radar\\src\\app\\admin\\page.tsx"
2025-12-05T10:20:17.627986Z  INFO tailwindcss_oxide::scanner: Reading "C:\\Users\\LOQ\\OneDrive\\Desktop\\Help-Radar\\next.config.ts"
2025-12-05T10:20:17.627989Z  INFO tailwindcss_oxide::scanner: Reading "C:\\Users\\LOQ\\OneDrive\\Desktop\\Help-Radar\\src\\components\\CategoryBadge.tsx"
2025-12-05T10:20:17.628023Z  INFO tailwindcss_oxide::scanner: Reading "C:\\Users\\LOQ\\OneDrive\\Desktop\\Help-Radar\\public\\file.svg"
2025-12-05T10:20:17.628030Z  INFO tailwindcss_oxide::scanner: Reading "C:\\Users\\LOQ\\OneDrive\\Desktop\\Help-Radar\\src\\app\\api\\posts\\route.ts"
2025-12-05T10:20:17.628032Z  INFO tailwindcss_oxide::scanner: Reading "C:\\Users\\LOQ\\OneDrive\\Desktop\\Help-Radar\\package.json"
2025-12-05T10:20:17.628039Z  INFO tailwindcss_oxide::scanner: Reading "C:\\Users\\LOQ\\OneDrive\\Desktop\\Help-Radar\\src\\components\\ContactModal.tsx"
2025-12-05T10:20:17.628094Z  INFO tailwindcss_oxide::scanner: Reading "C:\\Users\\LOQ\\OneDrive\\Desktop\\Help-Radar\\src\\components\\CreatePostForm.tsx"
2025-12-05T10:20:17.628108Z  INFO tailwindcss_oxide::scanner: Reading "C:\\Users\\LOQ\\OneDrive\\Desktop\\Help-Radar\\public\\globe.svg"
2025-12-05T10:20:17.628107Z  INFO tailwindcss_oxide::scanner: Reading "C:\\Users\\LOQ\\OneDrive\\Desktop\\Help-Radar\\src\\app\\api\\posts\\[id]\\report\\route.ts"
2025-12-05T10:20:17.628108Z  INFO tailwindcss_oxide::scanner: Reading "C:\\Users\\LOQ\\OneDrive\\Desktop\\Help-Radar\\src\\app\\api\\stats\\route.ts"
2025-12-05T10:20:17.628150Z  INFO tailwindcss_oxide::scanner: Reading "C:\\Users\\LOQ\\OneDrive\\Desktop\\Help-Radar\\src\\components\\FiltersBar.tsx"
2025-12-05T10:20:17.628237Z  INFO tailwindcss_oxide::scanner: Reading "C:\\Users\\LOQ\\OneDrive\\Desktop\\Help-Radar\\src\\app\\api\\posts\\[id]\\route.ts"
2025-12-05T10:20:17.628271Z  INFO tailwindcss_oxide::scanner: Reading "C:\\Users\\LOQ\\OneDrive\\Desktop\\Help-Radar\\src\\components\\Header.tsx"
2025-12-05T10:20:17.628168Z  INFO tailwindcss_oxide::scanner: Reading "C:\\Users\\LOQ\\OneDrive\\Desktop\\Help-Radar\\public\\next.svg"
2025-12-05T10:20:17.628249Z  INFO tailwindcss_oxide::scanner: Reading "C:\\Users\\LOQ\\OneDrive\\Desktop\\Help-Radar\\src\\app\\create\\page.tsx"
2025-12-05T10:20:17.628265Z  INFO tailwindcss_oxide::scanner: Reading "C:\\Users\\LOQ\\OneDrive\\Desktop\\Help-Radar\\src\\app\\api\\suggest\\route.ts"
2025-12-05T10:20:17.628233Z  INFO tailwindcss_oxide::scanner: Reading "C:\\Users\\LOQ\\OneDrive\\Desktop\\Help-Radar\\postcss.config.mjs"
2025-12-05T10:20:17.628476Z  INFO tailwindcss_oxide::scanner: Reading "C:\\Users\\LOQ\\OneDrive\\Desktop\\Help-Radar\\src\\components\\PostCard.tsx"
2025-12-05T10:20:17.628474Z  INFO tailwindcss_oxide::scanner: Reading "C:\\Users\\LOQ\\OneDrive\\Desktop\\Help-Radar\\src\\models\\User.ts"
2025-12-05T10:20:17.628490Z  INFO tailwindcss_oxide::scanner: Reading "C:\\Users\\LOQ\\OneDrive\\Desktop\\Help-Radar\\public\\window.svg"
2025-12-05T10:20:17.628318Z  INFO tailwindcss_oxide::scanner: Reading "C:\\Users\\LOQ\\OneDrive\\Desktop\\Help-Radar\\public\\vercel.svg"
2025-12-05T10:20:17.628512Z  INFO tailwindcss_oxide::scanner: Reading "C:\\Users\\LOQ\\OneDrive\\Desktop\\Help-Radar\\src\\lib\\validators.ts"
2025-12-05T10:20:17.628535Z  INFO tailwindcss_oxide::scanner: Reading "C:\\Users\\LOQ\\OneDrive\\Desktop\\Help-Radar\\tsconfig.json"
2025-12-05T10:20:17.628555Z  INFO tailwindcss_oxide::scanner: Reading "C:\\Users\\LOQ\\OneDrive\\Desktop\\Help-Radar\\src\\models\\Report.ts"
2025-12-05T10:20:17.628361Z  INFO tailwindcss_oxide::scanner: Reading "C:\\Users\\LOQ\\OneDrive\\Desktop\\Help-Radar\\src\\components\\MapView.tsx"
2025-12-05T10:20:17.628379Z  INFO tailwindcss_oxide::scanner: Reading "C:\\Users\\LOQ\\OneDrive\\Desktop\\Help-Radar\\src\\components\\Pagination.tsx"
2025-12-05T10:20:17.628408Z  INFO tailwindcss_oxide::scanner: Reading "C:\\Users\\LOQ\\OneDrive\\Desktop\\Help-Radar\\src\\components\\StatsCard.tsx"
2025-12-05T10:20:17.628561Z  INFO tailwindcss_oxide::scanner: Reading "C:\\Users\\LOQ\\OneDrive\\Desktop\\Help-Radar\\src\\lib\\cloudinary.ts"
2025-12-05T10:20:17.628374Z  INFO tailwindcss_oxide::scanner: Reading "C:\\Users\\LOQ\\OneDrive\\Desktop\\Help-Radar\\src\\app\\layout.tsx"
2025-12-05T10:20:17.628586Z  INFO tailwindcss_oxide::scanner: Reading "C:\\Users\\LOQ\\OneDrive\\Desktop\\Help-Radar\\test-db.js"
2025-12-05T10:20:17.628585Z  INFO tailwindcss_oxide::scanner: Reading "C:\\Users\\LOQ\\OneDrive\\Desktop\\Help-Radar\\src\\app\\map\\page.tsx"
2025-12-05T10:20:17.628625Z  INFO tailwindcss_oxide::scanner: Reading "C:\\Users\\LOQ\\OneDrive\\Desktop\\Help-Radar\\src\\components\\UrgencyIndicator.tsx"
2025-12-05T10:20:17.628629Z  INFO tailwindcss_oxide::scanner: Reading "C:\\Users\\LOQ\\OneDrive\\Desktop\\Help-Radar\\src\\lib\\priorityEngine.ts"
2025-12-05T10:20:17.628690Z  INFO tailwindcss_oxide::scanner: Reading "C:\\Users\\LOQ\\OneDrive\\Desktop\\Help-Radar\\src\\lib\\dbConnect.ts"
2025-12-05T10:20:17.628754Z  INFO tailwindcss_oxide::scanner: Reading "C:\\Users\\LOQ\\OneDrive\\Desktop\\Help-Radar\\src\\models\\Post.ts"
2025-12-05T10:20:17.629057Z  INFO extract_candidates:read_all_files: tailwindcss_oxide::scanner: exit
2025-12-05T10:20:17.629076Z  INFO extract_candidates:parse_all_blobs: tailwindcss_oxide::scanner: enter
2025-12-05T10:20:17.629114Z  INFO extract_candidates:parse_all_blobs:extract: tailwindcss_oxide::scanner: enter
2025-12-05T10:20:17.630408Z  INFO extract_candidates:parse_all_blobs:extract: tailwindcss_oxide::scanner: exit
2025-12-05T10:20:17.630431Z  INFO extract_candidates:parse_all_blobs: tailwindcss_oxide::scanner: exit
2025-12-05T10:20:17.630437Z  INFO extract_candidates:read_all_files: tailwindcss_oxide::scanner: enter
2025-12-05T10:20:17.630440Z  INFO extract_candidates:read_all_files: tailwindcss_oxide::scanner: Reading 1 file(s)
2025-12-05T10:20:17.630537Z  INFO extract_candidates:read_all_files: tailwindcss_oxide::scanner: Reading "C:\\Users\\LOQ\\OneDrive\\Desktop\\Help-Radar\\src\\app\\globals.css"
2025-12-05T10:20:17.630545Z  INFO extract_candidates:read_all_files: tailwindcss_oxide::scanner: exit
2025-12-05T10:20:17.630550Z  INFO extract_candidates:extract_css_variables: tailwindcss_oxide::scanner: enter
2025-12-05T10:20:17.630554Z  INFO extract_candidates:extract_css_variables:extract: tailwindcss_oxide::scanner: enter
2025-12-05T10:20:17.630680Z  INFO extract_candidates:extract_css_variables:extract: tailwindcss_oxide::scanner: exit
2025-12-05T10:20:17.630689Z  INFO extract_candidates:extract_css_variables: tailwindcss_oxide::scanner: exit
2025-12-05T10:20:17.631045Z  INFO extract_candidates: tailwindcss_oxide::scanner: exit
2025-12-05T10:20:17.631891Z  INFO get_files: tailwindcss_oxide::scanner: enter
2025-12-05T10:20:17.631907Z  INFO get_files:scan_sources: tailwindcss_oxide::scanner: enter
2025-12-05T10:20:17.634191Z  INFO get_files:scan_sources: tailwindcss_oxide::scanner: Discovering "C:\\Users\\LOQ\\OneDrive\\Desktop\\Help-Radar\\public"
2025-12-05T10:20:17.634676Z  INFO get_files:scan_sources: tailwindcss_oxide::scanner: Discovering "C:\\Users\\LOQ\\OneDrive\\Desktop\\Help-Radar\\src"
2025-12-05T10:20:17.634874Z  INFO get_files:scan_sources: tailwindcss_oxide::scanner: Discovering "C:\\Users\\LOQ\\OneDrive\\Desktop\\Help-Radar\\src\\app"
2025-12-05T10:20:17.635052Z  INFO get_files:scan_sources: tailwindcss_oxide::scanner: Discovering "C:\\Users\\LOQ\\OneDrive\\Desktop\\Help-Radar\\src\\app\\admin"
2025-12-05T10:20:17.635285Z  INFO get_files:scan_sources: tailwindcss_oxide::scanner: Discovering "C:\\Users\\LOQ\\OneDrive\\Desktop\\Help-Radar\\src\\app\\api"
2025-12-05T10:20:17.635565Z  INFO get_files:scan_sources: tailwindcss_oxide::scanner: Discovering "C:\\Users\\LOQ\\OneDrive\\Desktop\\Help-Radar\\src\\app\\api\\posts"
2025-12-05T10:20:17.635818Z  INFO get_files:scan_sources: tailwindcss_oxide::scanner: Discovering "C:\\Users\\LOQ\\OneDrive\\Desktop\\Help-Radar\\src\\app\\api\\posts\\[id]"
2025-12-05T10:20:17.635998Z  INFO get_files:scan_sources: tailwindcss_oxide::scanner: Discovering "C:\\Users\\LOQ\\OneDrive\\Desktop\\Help-Radar\\src\\app\\api\\posts\\[id]\\report"
2025-12-05T10:20:17.636305Z  INFO get_files:scan_sources: tailwindcss_oxide::scanner: Discovering "C:\\Users\\LOQ\\OneDrive\\Desktop\\Help-Radar\\src\\app\\api\\stats"
2025-12-05T10:20:17.636590Z  INFO get_files:scan_sources: tailwindcss_oxide::scanner: Discovering "C:\\Users\\LOQ\\OneDrive\\Desktop\\Help-Radar\\src\\app\\api\\suggest"
2025-12-05T10:20:17.636849Z  INFO get_files:scan_sources: tailwindcss_oxide::scanner: Discovering "C:\\Users\\LOQ\\OneDrive\\Desktop\\Help-Radar\\src\\app\\create"
2025-12-05T10:20:17.637129Z  INFO get_files:scan_sources: tailwindcss_oxide::scanner: Discovering "C:\\Users\\LOQ\\OneDrive\\Desktop\\Help-Radar\\src\\app\\map"
2025-12-05T10:20:17.637368Z  INFO get_files:scan_sources: tailwindcss_oxide::scanner: Discovering "C:\\Users\\LOQ\\OneDrive\\Desktop\\Help-Radar\\src\\app\\post"
2025-12-05T10:20:17.637529Z  INFO get_files:scan_sources: tailwindcss_oxide::scanner: Discovering "C:\\Users\\LOQ\\OneDrive\\Desktop\\Help-Radar\\src\\app\\post\\[id]"
2025-12-05T10:20:17.637813Z  INFO get_files:scan_sources: tailwindcss_oxide::scanner: Discovering "C:\\Users\\LOQ\\OneDrive\\Desktop\\Help-Radar\\src\\components"
2025-12-05T10:20:17.638472Z  INFO get_files:scan_sources: tailwindcss_oxide::scanner: Discovering "C:\\Users\\LOQ\\OneDrive\\Desktop\\Help-Radar\\src\\lib"
2025-12-05T10:20:17.638832Z  INFO get_files:scan_sources: tailwindcss_oxide::scanner: Discovering "C:\\Users\\LOQ\\OneDrive\\Desktop\\Help-Radar\\src\\models"
2025-12-05T10:20:17.639210Z  INFO get_files:scan_sources: tailwindcss_oxide::scanner: exit
2025-12-05T10:20:17.639577Z  INFO get_files: tailwindcss_oxide::scanner: exit
2025-12-05T10:20:17.639861Z  INFO get_globs: tailwindcss_oxide::scanner: enter
2025-12-05T10:20:17.639874Z  INFO get_globs:scan_sources: tailwindcss_oxide::scanner: enter
2025-12-05T10:20:17.642266Z  INFO get_globs:scan_sources: tailwindcss_oxide::scanner: Discovering "C:\\Users\\LOQ\\OneDrive\\Desktop\\Help-Radar\\public"
2025-12-05T10:20:17.642708Z  INFO get_globs:scan_sources: tailwindcss_oxide::scanner: Discovering "C:\\Users\\LOQ\\OneDrive\\Desktop\\Help-Radar\\src"
2025-12-05T10:20:17.642904Z  INFO get_globs:scan_sources: tailwindcss_oxide::scanner: Discovering "C:\\Users\\LOQ\\OneDrive\\Desktop\\Help-Radar\\src\\app"
2025-12-05T10:20:17.643097Z  INFO get_globs:scan_sources: tailwindcss_oxide::scanner: Discovering "C:\\Users\\LOQ\\OneDrive\\Desktop\\Help-Radar\\src\\app\\admin"
2025-12-05T10:20:17.643433Z  INFO get_globs:scan_sources: tailwindcss_oxide::scanner: Discovering "C:\\Users\\LOQ\\OneDrive\\Desktop\\Help-Radar\\src\\app\\api"
2025-12-05T10:20:17.643629Z  INFO get_globs:scan_sources: tailwindcss_oxide::scanner: Discovering "C:\\Users\\LOQ\\OneDrive\\Desktop\\Help-Radar\\src\\app\\api\\posts"
2025-12-05T10:20:17.643923Z  INFO get_globs:scan_sources: tailwindcss_oxide::scanner: Discovering "C:\\Users\\LOQ\\OneDrive\\Desktop\\Help-Radar\\src\\app\\api\\posts\\[id]"
2025-12-05T10:20:17.644106Z  INFO get_globs:scan_sources: tailwindcss_oxide::scanner: Discovering "C:\\Users\\LOQ\\OneDrive\\Desktop\\Help-Radar\\src\\app\\api\\posts\\[id]\\report"
2025-12-05T10:20:17.644437Z  INFO get_globs:scan_sources: tailwindcss_oxide::scanner: Discovering "C:\\Users\\LOQ\\OneDrive\\Desktop\\Help-Radar\\src\\app\\api\\stats"
2025-12-05T10:20:17.644688Z  INFO get_globs:scan_sources: tailwindcss_oxide::scanner: Discovering "C:\\Users\\LOQ\\OneDrive\\Desktop\\Help-Radar\\src\\app\\api\\suggest"
2025-12-05T10:20:17.644927Z  INFO get_globs:scan_sources: tailwindcss_oxide::scanner: Discovering "C:\\Users\\LOQ\\OneDrive\\Desktop\\Help-Radar\\src\\app\\create"
2025-12-05T10:20:17.645212Z  INFO get_globs:scan_sources: tailwindcss_oxide::scanner: Discovering "C:\\Users\\LOQ\\OneDrive\\Desktop\\Help-Radar\\src\\app\\map"
2025-12-05T10:20:17.645497Z  INFO get_globs:scan_sources: tailwindcss_oxide::scanner: Discovering "C:\\Users\\LOQ\\OneDrive\\Desktop\\Help-Radar\\src\\app\\post"
2025-12-05T10:20:17.645671Z  INFO get_globs:scan_sources: tailwindcss_oxide::scanner: Discovering "C:\\Users\\LOQ\\OneDrive\\Desktop\\Help-Radar\\src\\app\\post\\[id]"
2025-12-05T10:20:17.645926Z  INFO get_globs:scan_sources: tailwindcss_oxide::scanner: Discovering "C:\\Users\\LOQ\\OneDrive\\Desktop\\Help-Radar\\src\\components"
2025-12-05T10:20:17.646501Z  INFO get_globs:scan_sources: tailwindcss_oxide::scanner: Discovering "C:\\Users\\LOQ\\OneDrive\\Desktop\\Help-Radar\\src\\lib"
2025-12-05T10:20:17.647016Z  INFO get_globs:scan_sources: tailwindcss_oxide::scanner: Discovering "C:\\Users\\LOQ\\OneDrive\\Desktop\\Help-Radar\\src\\models"
2025-12-05T10:20:17.647614Z  INFO get_globs:scan_sources: tailwindcss_oxide::scanner: exit
2025-12-05T10:20:17.653671Z  INFO get_globs: tailwindcss_oxide::scanner: exit
